time="2022-04-18T21:08:41+03:00" level=info msg="create router" func="main.main()" file="app.go:19"
time="2022-04-18T21:08:41+03:00" level=info msg="read application configuration" func="RestApi/internal/config.GetConfig.func1()" file="config.go:24"
time="2022-04-18T21:08:41+03:00" level=info msg="register user handler" func="main.main()" file="app.go:24"
time="2022-04-18T21:08:41+03:00" level=info msg="start application" func="main.start()" file="app.go:33"
time="2022-04-18T21:08:41+03:00" level=info msg="listen tcp" func="main.start()" file="app.go:49"
time="2022-04-18T21:08:41+03:00" level=info msg="server is listening 0.0.0.0:10000" func="main.start()" file="app.go:63"
time="2022-04-18T21:10:36+03:00" level=info msg="create router" func="main.main()" file="app.go:19"
time="2022-04-18T21:10:36+03:00" level=info msg="read application configuration" func="RestApi/internal/config.GetConfig.func1()" file="config.go:24"
time="2022-04-18T21:10:36+03:00" level=info msg="register user handler" func="main.main()" file="app.go:24"
time="2022-04-18T21:10:36+03:00" level=info msg="start application" func="main.start()" file="app.go:33"
time="2022-04-18T21:10:36+03:00" level=info msg="listen tcp" func="main.start()" file="app.go:49"
time="2022-04-18T21:10:36+03:00" level=info msg="server is listening 0.0.0.0:10000" func="main.start()" file="app.go:63"
time="2022-04-18T21:20:22+03:00" level=info msg="create router" func="main.main()" file="app.go:19"
time="2022-04-18T21:20:22+03:00" level=info msg="read application configuration" func="RestApi/internal/config.GetConfig.func1()" file="config.go:24"
time="2022-04-18T21:20:22+03:00" level=info msg="register user handler" func="main.main()" file="app.go:24"
time="2022-04-18T21:20:22+03:00" level=info msg="start application" func="main.start()" file="app.go:33"
time="2022-04-18T21:20:22+03:00" level=info msg="listen tcp" func="main.start()" file="app.go:51"
time="2022-04-18T21:20:22+03:00" level=info msg="server is listening 0.0.0.0:10000" func="main.start()" file="app.go:53"
time="2022-04-20T13:47:09+03:00" level=info msg="create router" func="main.main()" file="app.go:22"
time="2022-04-20T13:47:12+03:00" level=info msg="read application configuration" func="RestApi/internal/config.GetConfig.func1()" file="config.go:33"
time="2022-04-20T13:48:03+03:00" level=info msg="create router" func="main.main()" file="app.go:22"
time="2022-04-20T13:48:05+03:00" level=info msg="read application configuration" func="RestApi/internal/config.GetConfig.func1()" file="config.go:33"
time="2022-04-20T13:48:33+03:00" level=info msg="create router" func="main.main()" file="app.go:22"
time="2022-04-20T13:48:35+03:00" level=info msg="read application configuration" func="RestApi/internal/config.GetConfig.func1()" file="config.go:33"
time="2022-04-20T14:10:07+03:00" level=info msg="create router" func="main.main()" file="app.go:22"
time="2022-04-20T14:10:10+03:00" level=info msg="read application configuration" func="RestApi/internal/config.GetConfig.func1()" file="config.go:33"
time="2022-04-20T14:10:21+03:00" level=debug msg="create user" func="RestApi/internal/user/db.(*db).Create()" file="mongodb.go:20"
time="2022-04-20T14:10:21+03:00" level=debug msg="convert InsertedID to ObjectID" func="RestApi/internal/user/db.(*db).Create()" file="mongodb.go:25"
time="2022-04-20T14:10:23+03:00" level=info msg=625fea1ddac72137e06f4da2 func="main.main()" file="app.go:46"
time="2022-04-20T14:10:25+03:00" level=info msg="register user handler" func="main.main()" file="app.go:48"
time="2022-04-20T14:10:25+03:00" level=info msg="start application" func="main.start()" file="app.go:57"
time="2022-04-20T14:10:25+03:00" level=info msg="listen tcp" func="main.start()" file="app.go:75"
time="2022-04-20T14:10:25+03:00" level=info msg="server is listening 0.0.0.0:10000" func="main.start()" file="app.go:77"
